2025/11/13 20:58:49 Request: GET /rooms
2025/11/13 21:00:08 Request: GET /rooms
2025/11/13 21:01:08 Request: GET /hotels
2025/11/13 21:01:56 Request: GET /hotels
2025/11/13 21:02:08 Request: GET /hotels
2025/11/13 21:04:34 Request: PUT /hotels
2025/11/13 21:04:44 Request: PUT /hotels
2025/11/13 21:05:08 Request: GET /hotels
2025/11/13 21:08:19 Request: GET /hotels
2025/11/13 21:08:25 Request: PUT /hotels
2025/11/13 21:09:14 Request: PUT /hotels
2025/11/13 21:11:47 Request: GET /hotels
2025/11/13 21:12:09 Request: PUT /hotels/9560719e-8a39-4252-a578-884fedcd5086
2025/11/13 21:12:22 Request: GET /hotels
2025/11/13 21:13:09 Request: GET /hotels
2025/11/13 21:14:07 Request: GET /hotels
2025/11/13 21:14:14 Request: GET /hotels
2025/11/13 21:14:22 Request: GET /hotels
2025/11/13 21:14:30 Request: GET /hotels
2025/11/13 21:14:35 Request: GET /hotels
2025/11/13 21:20:36 Request: GET /hotels
2025/11/13 21:22:07 Request: POST /rooms
2025/11/13 21:22:11 Request: POST /rooms
2025/11/13 21:22:38 Request: POST /rooms
2025/11/13 21:22:43 Request: GET /rooms
2025/11/13 21:23:05 Request: GET /rooms
2025/11/13 21:23:14 Request: GET /rooms
2025/11/13 21:23:23 Request: GET /rooms
2025/11/13 21:23:49 Request: GET /rooms
2025/11/13 21:24:23 Request: GET /rooms
2025/11/13 21:24:42 Request: GET /rooms
2025/11/13 21:25:29 Request: GET /rooms
2025/11/13 21:25:35 Request: GET /rooms
2025/11/13 21:25:48 Request: GET /rooms
2025/11/13 21:33:26 Request: GET /rooms
2025/11/13 21:40:07 Request: GET /rooms
2025/11/13 21:40:51 Request: GET /rooms
2025/11/13 21:41:32 Request: GET /rooms
2025/11/13 21:42:53 Request: GET /rooms
2025/11/13 21:45:07 Request: GET /rooms
2025/11/13 21:45:23 Request: POST /rooms
2025/11/13 21:45:29 Request: GET /rooms
2025/11/13 21:46:05 Request: GET /hotels
2025/11/13 21:51:40 Request: GET /hotels
2025/11/13 21:51:55 Request: GET /rooms?min_price=60&max_price=90
2025/11/13 21:52:36 Request: GET /guests
2025/11/13 21:52:57 Request: GET /guests
2025/11/13 21:57:20 Request: POST /guests
2025/11/13 21:57:45 Request: POST /guests
2025/11/13 21:57:59 Request: GET /guests
2025/11/13 21:59:11 Request: POST /hotels
2025/11/13 21:59:29 Request: POST /hotels
2025/11/13 21:59:48 Request: POST /hotels
2025/11/13 21:59:54 Request: GET /hotels
2025/11/13 22:01:11 Request: POST /hotels
2025/11/13 22:01:33 Request: POST /hotels
2025/11/13 22:01:37 Request: POST /hotels
2025/11/13 22:01:40 Request: GET /hotels
2025/11/13 22:02:28 Request: POST /hotels
2025/11/13 22:02:36 Request: POST /hotels
2025/11/13 22:03:17 Request: GET /hotels
2025/11/13 22:03:33 Request: GET /hotels?room_type=Luxury
2025/11/13 22:04:07 Request: GET /hotels?room_type=Luxury&name=Lux
2025/11/13 22:04:14 Request: GET /hotels?room_type=Luxury&name=B
2025/11/13 22:05:02 Request: POST /guests
2025/11/13 22:05:23 Request: POST /guests
2025/11/13 22:05:30 Request: GET /guests
2025/11/13 22:06:13 Request: GET /guests?name=Alex%20K.&mobile_number=380501234567
2025/11/13 22:06:18 Request: GET /guests?name=Alex%20K.&mobile_number=+380501234567
2025/11/13 22:06:32 Request: GET /guests?name=Alex%20K&mobile_number=+380501234567
2025/11/13 22:06:37 Request: GET /guests?name=Alex&mobile_number=+380501234567
2025/11/13 22:06:45 Request: GET /guests?name=Alex
2025/11/13 22:07:41 Request: PUT /guests/1acb3e72-c242-4254-adf6-608db7f03843
2025/11/13 22:08:06 Request: GET /guests?name=Alex&mobile_number=380501234567
2025/11/13 22:08:31 Request: GET /guests
2025/11/13 22:08:58 Request: PUT /guests/63419e91-18f0-4128-95ff-3b03733f3ea6
2025/11/13 22:09:29 Request: PUT /guests/63419e91-18f0-4128-95ff-3b03733f3ea6
2025/11/13 22:09:37 Request: GET /guests
2025/11/13 22:11:10 Request: POST /bookings
2025/11/13 22:11:58 Request: GET /rooms
2025/11/13 22:12:25 Request: GET /rooms
2025/11/13 22:13:33 Request: GET /guests
2025/11/13 22:13:50 Request: GET /guests
2025/11/13 22:14:14 Request: GET /bookings
2025/11/13 22:15:12 Request: GET /hotels
2025/11/13 22:15:31 Request: GET /hotels
2025/11/13 22:15:55 Request: GET /bookings
